Connecting to database specified by database.yml
Connecting to database specified by database.yml
Connecting to database specified by database.yml
Migrating to CreatePosts (20120506125032)
Migrating to CreateAlbums (20130918063936)
Migrating to AddColumnAlbumIdToPictures (20130918064503)
Connecting to database specified by database.yml
Compiled jquery.js  (50ms)  (pid 13949)
Compiled jquery_ujs.js  (1ms)  (pid 13949)
Compiled bootstrap-transition.js  (0ms)  (pid 13949)
Compiled bootstrap-alert.js  (0ms)  (pid 13949)
Compiled bootstrap-button.js  (0ms)  (pid 13949)
Compiled bootstrap-carousel.js  (1ms)  (pid 13949)
Compiled bootstrap-collapse.js  (0ms)  (pid 13949)
Compiled bootstrap-dropdown.js  (0ms)  (pid 13949)
Compiled bootstrap-modal.js  (1ms)  (pid 13949)
Compiled bootstrap-scrollspy.js  (1ms)  (pid 13949)
Compiled bootstrap-tab.js  (0ms)  (pid 13949)
Compiled bootstrap-tooltip.js  (1ms)  (pid 13949)
Compiled bootstrap-popover.js  (1ms)  (pid 13949)
Compiled bootstrap-typeahead.js  (1ms)  (pid 13949)
Compiled bootstrap.js  (248ms)  (pid 13949)
Compiled bootstrap-image-gallery.min.js  (0ms)  (pid 13949)
Compiled JQuery-File-Upload/jquery.ui.widget.js  (0ms)  (pid 13949)
Compiled JQuery-File-Upload/tmpl.min.js  (0ms)  (pid 13949)
Compiled JQuery-File-Upload/load-image.min.js  (0ms)  (pid 13949)
Compiled JQuery-File-Upload/canvas-to-blob.min.js  (0ms)  (pid 13949)
Compiled JQuery-File-Upload/jquery.iframe-transport.js  (0ms)  (pid 13949)
Compiled JQuery-File-Upload/jquery.fileupload.js  (1ms)  (pid 13949)
Compiled JQuery-File-Upload/jquery.fileupload-fp.js  (1ms)  (pid 13949)
Compiled JQuery-File-Upload/locale.js  (0ms)  (pid 13949)
Compiled JQuery-File-Upload/main.js  (0ms)  (pid 13949)
Compiled file-uploads.js  (186ms)  (pid 13949)
Compiled application.js  (574ms)  (pid 13949)
Compiled jquery.fileupload-ui.css  (0ms)  (pid 13949)
Compiled bootstrap_and_overrides.css  (4872ms)  (pid 13949)
Compiled bootstrap-image-gallery.min.css  (1ms)  (pid 13949)
Compiled style.css  (0ms)  (pid 13949)
Compiled application.css  (4981ms)  (pid 13949)
Connecting to database specified by database.yml
Compiled jquery.js  (51ms)  (pid 14059)
Compiled jquery_ujs.js  (1ms)  (pid 14059)
Compiled bootstrap-transition.js  (0ms)  (pid 14059)
Compiled bootstrap-alert.js  (0ms)  (pid 14059)
Compiled bootstrap-button.js  (1ms)  (pid 14059)
Compiled bootstrap-carousel.js  (1ms)  (pid 14059)
Compiled bootstrap-collapse.js  (1ms)  (pid 14059)
Compiled bootstrap-dropdown.js  (0ms)  (pid 14059)
Compiled bootstrap-modal.js  (1ms)  (pid 14059)
Compiled bootstrap-scrollspy.js  (1ms)  (pid 14059)
Compiled bootstrap-tab.js  (0ms)  (pid 14059)
Compiled bootstrap-tooltip.js  (1ms)  (pid 14059)
Compiled bootstrap-popover.js  (0ms)  (pid 14059)
Compiled bootstrap-typeahead.js  (1ms)  (pid 14059)
Compiled bootstrap.js  (276ms)  (pid 14059)
Compiled bootstrap-image-gallery.min.js  (0ms)  (pid 14059)
Compiled JQuery-File-Upload/jquery.ui.widget.js  (1ms)  (pid 14059)
Compiled JQuery-File-Upload/tmpl.min.js  (0ms)  (pid 14059)
Compiled JQuery-File-Upload/load-image.min.js  (0ms)  (pid 14059)
Compiled JQuery-File-Upload/canvas-to-blob.min.js  (0ms)  (pid 14059)
Compiled JQuery-File-Upload/jquery.iframe-transport.js  (0ms)  (pid 14059)
Compiled JQuery-File-Upload/jquery.fileupload.js  (1ms)  (pid 14059)
Compiled JQuery-File-Upload/jquery.fileupload-fp.js  (0ms)  (pid 14059)
Compiled JQuery-File-Upload/locale.js  (0ms)  (pid 14059)
Compiled JQuery-File-Upload/main.js  (0ms)  (pid 14059)
Compiled file-uploads.js  (222ms)  (pid 14059)
Compiled application.js  (673ms)  (pid 14059)
Compiled jquery.fileupload-ui.css  (0ms)  (pid 14059)
Compiled bootstrap_and_overrides.css  (4728ms)  (pid 14059)
Compiled bootstrap-image-gallery.min.css  (0ms)  (pid 14059)
Compiled style.css  (0ms)  (pid 14059)
Compiled application.css  (4837ms)  (pid 14059)
